

Last login: 2025-12-03 21:04:08 from 128.40.19.104
User "cceadan" has logged in 16 times in the past 30 days
ae4100i-22-18-245# 
ae4100i-22-18-245# 
ae4100i-22-18-245# no page
ae4100i-22-18-245# 
ae4100i-22-18-245# aruba-central support-mode
ae4100i-22-18-245# 
ae4100i-22-18-245# configure term
ae4100i-22-18-245(config)# 
ae4100i-22-18-245(config)# 
ae4100i-22-18-245(config)# interface 1/1/1
ae4100i-22-18-245(config-if)# vlan access 530
ae4100i-22-18-245(config-if)# description Crestron TSW-770-B-S
ae4100i-22-18-245(config-if)# 
ae4100i-22-18-245(config-if)# configure term
ae4100i-22-18-245(config)# 
ae4100i-22-18-245(config)# interface 1/1/2
ae4100i-22-18-245(config-if)# vlan access 530
ae4100i-22-18-245(config-if)# description Crestron RMC4
ae4100i-22-18-245(config-if)# 
ae4100i-22-18-245(config-if)# configure term
ae4100i-22-18-245(config)# 
ae4100i-22-18-245(config)# interface 1/1/3
ae4100i-22-18-245(config-if)# vlan access 530
ae4100i-22-18-245(config-if)# description Crestron USB-SW-200
ae4100i-22-18-245(config-if)# 
ae4100i-22-18-245(config-if)# configure term
ae4100i-22-18-245(config)# 
ae4100i-22-18-245(config)# interface 1/1/4
ae4100i-22-18-245(config-if)# vlan access 909
ae4100i-22-18-245(config-if)# description Bluestream PLA88CS
ae4100i-22-18-245(config-if)# 
ae4100i-22-18-245(config-if)# configure term
ae4100i-22-18-245(config)# 
ae4100i-22-18-245(config)# interface 1/1/5
ae4100i-22-18-245(config-if)# vlan access 909
ae4100i-22-18-245(config-if)# description Extron DMP 128 PLUS-AT - DANTE
ae4100i-22-18-245(config-if)# 
ae4100i-22-18-245(config-if)# configure term
ae4100i-22-18-245(config)# 
ae4100i-22-18-245(config)# interface 1/1/6
ae4100i-22-18-245(config-if)# vlan access 909
ae4100i-22-18-245(config-if)# description Extron DMP 128 PLUS-AT - LAN
ae4100i-22-18-245(config-if)# 
ae4100i-22-18-245(config-if)# configure term
ae4100i-22-18-245(config)# 
ae4100i-22-18-245(config)# interface 1/1/7
ae4100i-22-18-245(config-if)# vlan access 909
ae4100i-22-18-245(config-if)# description Gude Rack PDU
ae4100i-22-18-245(config-if)# 
ae4100i-22-18-245(config-if)# configure term
ae4100i-22-18-245(config)# 
ae4100i-22-18-245(config)# interface 1/1/8
ae4100i-22-18-245(config-if)# vlan access 909
ae4100i-22-18-245(config-if)# description Sennheiser Mobile Connect - DANTE
ae4100i-22-18-245(config-if)# 
ae4100i-22-18-245(config-if)# configure term
ae4100i-22-18-245(config)# 
ae4100i-22-18-245(config)# interface 1/1/9
ae4100i-22-18-245(config-if)# vlan access 909
ae4100i-22-18-245(config-if)# description Sennheiser Mobile Connect - LAN
ae4100i-22-18-245(config-if)# 
ae4100i-22-18-245(config-if)# configure term
ae4100i-22-18-245(config)# 
ae4100i-22-18-245(config)# interface 1/1/10
ae4100i-22-18-245(config-if)# vlan access 909
ae4100i-22-18-245(config-if)# description Sennheiser Mobile Connect - POE
ae4100i-22-18-245(config-if)# 
ae4100i-22-18-245(config-if)# configure term
ae4100i-22-18-245(config)# 
ae4100i-22-18-245(config)# interface 1/1/11
ae4100i-22-18-245(config-if)# vlan access 909
ae4100i-22-18-245(config-if)# description Wolfvision VZ-3neo.UHD
ae4100i-22-18-245(config-if)# 
ae4100i-22-18-245(config-if)# configure term
ae4100i-22-18-245(config)# 
ae4100i-22-18-245(config)# interface 1/1/12
ae4100i-22-18-245(config-if)# vlan access 909
ae4100i-22-18-245(config-if)# 
ae4100i-22-18-245(config-if)# 
ae4100i-22-18-245(config-if)# configure term
ae4100i-22-18-245(config)# 
ae4100i-22-18-245(config)# interface 1/1/13
ae4100i-22-18-245(config-if)# vlan access 909
ae4100i-22-18-245(config-if)# 
ae4100i-22-18-245(config-if)# 
ae4100i-22-18-245(config-if)# configure term
ae4100i-22-18-245(config)# 
ae4100i-22-18-245(config)# interface 1/1/14
ae4100i-22-18-245(config-if)# vlan access 62
VLAN 62 not configured.
ae4100i-22-18-245(config-if)# description UCL Resident PC
ae4100i-22-18-245(config-if)# 
ae4100i-22-18-245(config-if)# configure term
ae4100i-22-18-245(config)# 
ae4100i-22-18-245(config)# interface 1/1/15
ae4100i-22-18-245(config-if)# vlan access 712
ae4100i-22-18-245(config-if)# description Epiphan
ae4100i-22-18-245(config-if)# 
ae4100i-22-18-245(config-if)# configure term
ae4100i-22-18-245(config)# 
ae4100i-22-18-245(config)# interface 1/1/16
ae4100i-22-18-245(config-if)# vlan access 909
ae4100i-22-18-245(config-if)# 
ae4100i-22-18-245(config-if)# 
ae4100i-22-18-245(config-if)# configure term
ae4100i-22-18-245(config)# 
ae4100i-22-18-245(config)# interface 1/1/17
ae4100i-22-18-245(config-if)# vlan access 909
ae4100i-22-18-245(config-if)# 
ae4100i-22-18-245(config-if)# 
ae4100i-22-18-245(config-if)# configure term
ae4100i-22-18-245(config)# 
ae4100i-22-18-245(config)# interface 1/1/18
ae4100i-22-18-245(config-if)# vlan access 909
ae4100i-22-18-245(config-if)# 
ae4100i-22-18-245(config-if)# 
ae4100i-22-18-245(config-if)# configure term
ae4100i-22-18-245(config)# 
ae4100i-22-18-245(config)# interface 1/1/19
ae4100i-22-18-245(config-if)# vlan access 909
ae4100i-22-18-245(config-if)# 
ae4100i-22-18-245(config-if)# 
ae4100i-22-18-245(config-if)# configure term
ae4100i-22-18-245(config)# 
ae4100i-22-18-245(config)# interface 1/1/20
ae4100i-22-18-245(config-if)# vlan access 909
ae4100i-22-18-245(config-if)# 
ae4100i-22-18-245(config-if)# 
ae4100i-22-18-245(config-if)# configure term
ae4100i-22-18-245(config)# 
ae4100i-22-18-245(config)# interface 1/1/21
ae4100i-22-18-245(config-if)# vlan access 909
ae4100i-22-18-245(config-if)# 
ae4100i-22-18-245(config-if)# 
ae4100i-22-18-245(config-if)# configure term
ae4100i-22-18-245(config)# 
ae4100i-22-18-245(config)# interface 1/1/22
ae4100i-22-18-245(config-if)# vlan access 712
ae4100i-22-18-245(config-if)# 
ae4100i-22-18-245(config-if)# 
ae4100i-22-18-245(config-if)# configure term
ae4100i-22-18-245(config)# 
ae4100i-22-18-245(config)# interface 1/1/23
ae4100i-22-18-245(config-if)# vlan access 530
ae4100i-22-18-245(config-if)# 
ae4100i-22-18-245(config-if)# write memory

Copying configuration: [\] 
Copying configuration: [|] 
Copying configuration: [/] 
Copying configuration: [-] 
Copying configuration: [\] 
Copying configuration: [|] 
Copying configuration: [/] 
Copying configuration: [-] 
Copying configuration: [\] 
Copying configuration: [|] 
Copying configuration: [/] 
Copying configuration: [-] 
Copying configuration: [\] 
Copying configuration: [|] 
Copying configuration: [/] 
Copying configuration: [-] 
Copying configuration: [\] 
Copying configuration: [|] 
Copying configuration: [/] 
Copying configuration: [-] 
Copying configuration: [\] 
Copying configuration: [|] 
Copying configuration: [/] 
Copying configuration: [-] 
Copying configuration: [\] 
Copying configuration: [|] 
Copying configuration: [/] 
Copying configuration: [-] 
Copying configuration: [\] 
Copying configuration: [|] 
Copying configuration: [/] 
Copying configuration: [-] 
Copying configuration: [\] 
Copying configuration: [|] 

Copying configuration: [/] 
Copying configuration: [-] 
Copying configuration: [\] 
Copying configuration: [|] 
Copying configuration: [/] 
Copying configuration: [-] 
Copying configuration: [\] 
Copying configuration: [|] 
Copying configuration: [/] 
Copying configuration: [-] 
Copying configuration: [\] 
Copying configuration: [|] 
Copying configuration: [/] 
Copying configuration: [-] 
Copying configuration: [\] 
Copying configuration: [|] 
Copying configuration: [/] 
Copying configuration: [-] 
Copying configuration: [\] 
Copying configuration: [|] 
Copying configuration: [/] 
Copying configuration: [-] 
Copying configuration: [\] 
Copying configuration: [|] 
Copying configuration: [/] 
Copying configuration: [-] 
Copying configuration: [\] 
Copying configuration: [|] 
Copying configuration: [/] 
Copying configuration: [-] 
Copying configuration: [\] 
Copying configuration: [|] 
Copying configuration: [/] 
Copying configuration: [-] 
Copying configuration: [Success]
ae4100i-22-18-245(config-if)# 
ae4100i-22-18-245(config-if)# exit